<?xml version="1.0" encoding="UTF-8"?>
<!-- Generated by org.testng.reporters.JUnitReportReporter -->
<testsuite hostname="LAPTOP-NBCD1KMT" failures="0" tests="2" name="TestCase.TestCase1" time="1.616" errors="0" timestamp="2024-01-03T13:27:58 IST" skipped="0">
  <testcase classname="TestCase.TestCase1" name="login" time="1.208"/>
  <testcase classname="TestCase.TestCase1" name="verifyLoginPage" time="0.408"/>
</testsuite> <!-- TestCase.TestCase1 -->
