<?xml version="1.0" encoding="UTF-8"?>
<!-- Generated by org.testng.reporters.JUnitReportReporter -->
<testsuite hostname="LAPTOP-NBCD1KMT" failures="0" tests="7" name="TestCase.EndToEndTest" time="8.519" errors="0" timestamp="2024-01-03T12:33:50 IST" skipped="0">
  <testcase classname="TestCase.EndToEndTest" name="initialize" time="3.387"/>
  <testcase classname="TestCase.EndToEndTest" name="verifyLoginPage" time="0.005"/>
  <testcase classname="TestCase.EndToEndTest" name="login" time="0.686"/>
  <testcase classname="TestCase.EndToEndTest" name="selectProduct" time="2.748"/>
  <testcase classname="TestCase.EndToEndTest" name="CheckoutInformation" time="0.379"/>
  <testcase classname="TestCase.EndToEndTest" name="ShippingInformation" time="1.260"/>
  <testcase classname="TestCase.EndToEndTest" name="verifyPlacedProduct" time="0.054"/>
</testsuite> <!-- TestCase.EndToEndTest -->
