<?xml version="1.0" encoding="UTF-8"?>
<!-- Generated by org.testng.reporters.JUnitReportReporter -->
<testsuite hostname="LAPTOP-NBCD1KMT" failures="0" tests="7" name="TestCase.TestCase6" time="13.249" errors="0" timestamp="2024-01-03T14:36:35 IST" skipped="0">
  <testcase classname="TestCase.TestCase6" name="initialize" time="4.716"/>
  <testcase classname="TestCase.TestCase6" name="verifyLoginPage" time="0.008"/>
  <testcase classname="TestCase.TestCase6" name="login" time="1.999"/>
  <testcase classname="TestCase.TestCase6" name="selectProduct" time="2.107"/>
  <testcase classname="TestCase.TestCase6" name="clickOnContinueShoppingButton" time="1.233"/>
  <testcase classname="TestCase.TestCase6" name="CheckoutInformation" time="1.818"/>
  <testcase classname="TestCase.TestCase6" name="logout" time="1.368"/>
</testsuite> <!-- TestCase.TestCase6 -->
