<?xml version="1.0" encoding="UTF-8"?>
<!-- Generated by org.testng.reporters.JUnitReportReporter -->
<testsuite hostname="LAPTOP-NBCD1KMT" failures="0" tests="8" name="TestCase.TestCase8" time="15.075" errors="0" timestamp="2024-01-03T14:58:57 IST" skipped="0">
  <testcase classname="TestCase.TestCase8" name="initialize" time="5.139"/>
  <testcase classname="TestCase.TestCase8" name="verifyLoginPage" time="0.010"/>
  <testcase classname="TestCase.TestCase8" name="login" time="1.943"/>
  <testcase classname="TestCase.TestCase8" name="selectProduct" time="2.442"/>
  <testcase classname="TestCase.TestCase8" name="clickOnContinueShoppingButton" time="1.205"/>
  <testcase classname="TestCase.TestCase8" name="checkoutInformation" time="1.716"/>
  <testcase classname="TestCase.TestCase8" name="cancelButton" time="1.287"/>
  <testcase classname="TestCase.TestCase8" name="logout" time="1.333"/>
</testsuite> <!-- TestCase.TestCase8 -->
