<?xml version="1.0" encoding="UTF-8"?>
<!-- Generated by org.testng.reporters.JUnitReportReporter -->
<testsuite hostname="LAPTOP-NBCD1KMT" failures="0" tests="8" name="TestCase.TestCase7" time="15.438" errors="0" timestamp="2024-01-03T14:51:49 IST" skipped="0">
  <testcase classname="TestCase.TestCase7" name="initialize" time="5.862"/>
  <testcase classname="TestCase.TestCase7" name="verifyLoginPage" time="0.010"/>
  <testcase classname="TestCase.TestCase7" name="login" time="2.219"/>
  <testcase classname="TestCase.TestCase7" name="selectProduct" time="2.912"/>
  <testcase classname="TestCase.TestCase7" name="clickOnContinueShoppingButton" time="1.497"/>
  <testcase classname="TestCase.TestCase7" name="CheckoutInformation" time="1.537"/>
  <testcase classname="TestCase.TestCase7" name="verifyErrorMessage" time="0.072"/>
  <testcase classname="TestCase.TestCase7" name="logout" time="1.329"/>
</testsuite> <!-- TestCase.TestCase7 -->
