<?xml version="1.0" encoding="UTF-8"?>
<!-- Generated by org.testng.reporters.JUnitReportReporter -->
<testsuite hostname="LAPTOP-NBCD1KMT" failures="0" tests="7" name="TestCase.TestCase5" time="11.719" errors="0" timestamp="2024-01-03T14:29:37 IST" skipped="0">
  <testcase classname="TestCase.TestCase5" name="initialize" time="4.689"/>
  <testcase classname="TestCase.TestCase5" name="verifyLoginPage" time="0.010"/>
  <testcase classname="TestCase.TestCase5" name="login" time="1.981"/>
  <testcase classname="TestCase.TestCase5" name="selectProduct" time="1.834"/>
  <testcase classname="TestCase.TestCase5" name="clickOnContinueShoppingButton" time="1.242"/>
  <testcase classname="TestCase.TestCase5" name="CheckoutInformation" time="0.591"/>
  <testcase classname="TestCase.TestCase5" name="logout" time="1.372"/>
</testsuite> <!-- TestCase.TestCase5 -->
