<?xml version="1.0" encoding="UTF-8"?>
<!-- Generated by org.testng.reporters.JUnitReportReporter -->
<testsuite hostname="LAPTOP-NBCD1KMT" failures="0" tests="6" name="TestCase.TestCase4" time="12.269" errors="0" timestamp="2024-01-03T14:16:10 IST" skipped="0">
  <testcase classname="TestCase.TestCase4" name="initialize" time="5.401"/>
  <testcase classname="TestCase.TestCase4" name="verifyLoginPage" time="0.009"/>
  <testcase classname="TestCase.TestCase4" name="login" time="2.499"/>
  <testcase classname="TestCase.TestCase4" name="selectProduct" time="1.915"/>
  <testcase classname="TestCase.TestCase4" name="clickOnRemoveButton" time="1.094"/>
  <testcase classname="TestCase.TestCase4" name="logout" time="1.351"/>
</testsuite> <!-- TestCase.TestCase4 -->
