<?xml version="1.0" encoding="UTF-8"?>
<!-- Generated by org.testng.reporters.JUnitReportReporter -->
<testsuite hostname="LAPTOP-NBCD1KMT" failures="0" tests="6" name="TestCase.TestCase3" time="12.060" errors="0" timestamp="2024-01-03T14:00:33 IST" skipped="0">
  <testcase classname="TestCase.TestCase3" name="initialize" time="4.724"/>
  <testcase classname="TestCase.TestCase3" name="verifyLoginPage" time="0.009"/>
  <testcase classname="TestCase.TestCase3" name="login" time="3.048"/>
  <testcase classname="TestCase.TestCase3" name="selectProduct" time="1.745"/>
  <testcase classname="TestCase.TestCase3" name="clickOnContinueShoppingButton" time="1.229"/>
  <testcase classname="TestCase.TestCase3" name="Logout" time="1.305"/>
</testsuite> <!-- TestCase.TestCase3 -->
