<?xml version="1.0" encoding="UTF-8"?>
<!-- Generated by org.testng.reporters.JUnitReportReporter -->
<testsuite hostname="LAPTOP-NBCD1KMT" failures="0" tests="7" name="TestCase.TestCase9" time="13.577" errors="0" timestamp="2024-01-03T15:02:30 IST" skipped="0">
  <testcase classname="TestCase.TestCase9" name="initialize" time="5.211"/>
  <testcase classname="TestCase.TestCase9" name="verifyLoginPage" time="0.008"/>
  <testcase classname="TestCase.TestCase9" name="login" time="0.989"/>
  <testcase classname="TestCase.TestCase9" name="selectProduct" time="3.497"/>
  <testcase classname="TestCase.TestCase9" name="CheckoutInformation" time="1.080"/>
  <testcase classname="TestCase.TestCase9" name="ShippingInformation" time="1.433"/>
  <testcase classname="TestCase.TestCase9" name="logout" time="1.359"/>
</testsuite> <!-- TestCase.TestCase9 -->
